d:\git\3d_graphics\directxgame\debug\vc142.pdb
d:\git\3d_graphics\directxgame\debug\vc142.idb
d:\git\3d_graphics\directxgame\debug\window.obj
d:\git\3d_graphics\directxgame\debug\vertexshader.obj
d:\git\3d_graphics\directxgame\debug\vertexbuffer.obj
d:\git\3d_graphics\directxgame\debug\swapchain.obj
d:\git\3d_graphics\directxgame\debug\pixelshader.obj
d:\git\3d_graphics\directxgame\debug\main.obj
d:\git\3d_graphics\directxgame\debug\graphicsengine.obj
d:\git\3d_graphics\directxgame\debug\devicecontext.obj
d:\git\3d_graphics\directxgame\debug\constantbuffer.obj
d:\git\3d_graphics\directxgame\debug\appwindow.obj
d:\git\3d_graphics\directxgame\debug\indexbuffer.obj
d:\git\3d_graphics\directxgame\debug\inputsystem.obj
d:\git\3d_graphics\directxgame\debug\rendersystem.obj
d:\git\3d_graphics\directxgame\debug\directxgame.exe
d:\git\3d_graphics\directxgame\debug\directxgame.ilk
d:\git\3d_graphics\directxgame\debug\directxgame.pdb
d:\git\3d_graphics\directxgame\debug\directxgame.tlog\cl.command.1.tlog
d:\git\3d_graphics\directxgame\debug\directxgame.tlog\cl.read.1.tlog
d:\git\3d_graphics\directxgame\debug\directxgame.tlog\cl.write.1.tlog
d:\git\3d_graphics\directxgame\debug\directxgame.tlog\link.command.1.tlog
d:\git\3d_graphics\directxgame\debug\directxgame.tlog\link.read.1.tlog
d:\git\3d_graphics\directxgame\debug\directxgame.tlog\link.write.1.tlog
